<?xml version="1.0" encoding="UTF-8"?>
<!-- Generated by org.testng.reporters.JUnitReportReporter -->
<testsuite hostname="Taha" failures="0" tests="1" name="loginFromRegisterationTests" time="11.998" errors="0" timestamp="2023-11-08T09:00:47 EET" skipped="0">
  <testcase classname="loginFromRegisterationTests" name="loginWithInvalidEmailAndInvalidPassword_N" time="11.998"/>
  <system-out/>
</testsuite> <!-- loginFromRegisterationTests -->
