<?xml version="1.0" encoding="UTF-8"?>
<!-- Generated by org.testng.reporters.JUnitReportReporter -->
<testsuite hostname="Taha" failures="0" tests="6" name="searchTests" time="166.553" errors="0" timestamp="2023-11-13T16:15:17 EET" skipped="0">
  <testcase classname="searchTests" name="searchaboutcourseandopenit" time="24.473"/>
  <testcase classname="searchTests" name="searchaboutmoduleandopenit" time="29.416"/>
  <testcase classname="searchTests" name="searchaboutbookandopenit" time="33.105"/>
  <testcase classname="searchTests" name="searchaboutLecturerandopenit" time="41.386"/>
  <testcase classname="searchTests" name="searchaboutactivityandopenit" time="23.193"/>
  <testcase classname="searchTests" name="searchaboutExcursionandopenit" time="14.980"/>
</testsuite> <!-- searchTests -->
