<?xml version="1.0" encoding="UTF-8"?>
<!-- Generated by org.testng.reporters.JUnitReportReporter -->
<testsuite hostname="Taha" failures="0" tests="2" name="registerationTests" time="19.957" errors="0" timestamp="2023-11-09T14:57:45 EET" skipped="0">
  <testcase classname="registerationTests" name="RegisterTest_P" time="11.358"/>
  <system-out/>
  <testcase classname="registerationTests" name="RegisterTest_withDuplicatedData_N" time="8.599"/>
  <system-out/>
</testsuite> <!-- registerationTests -->
