<?xml version="1.0" encoding="UTF-8"?>
<!-- Generated by org.testng.reporters.JUnitReportReporter -->
<testsuite hostname="Taha" failures="0" tests="1" name="registerFromLoginPageTests" time="11.460" errors="0" timestamp="2023-11-08T09:44:14 EET" skipped="0">
  <testcase classname="registerFromLoginPageTests" name="RegisterTest_withDuplicatedData_N" time="11.460"/>
  <system-out/>
</testsuite> <!-- registerFromLoginPageTests -->
