<?xml version="1.0" encoding="UTF-8"?>
<!-- Generated by org.testng.reporters.JUnitReportReporter -->
<testsuite hostname="Taha" failures="0" tests="1" name="LoginTests" time="29.029" errors="0" timestamp="2023-11-13T16:15:17 EET" skipped="0">
  <testcase classname="LoginTests" name="loginWithValidEmailAndValidPassword_P" time="29.029"/>
</testsuite> <!-- LoginTests -->
