<?xml version="1.0" encoding="UTF-8"?>
<!-- Generated by org.testng.reporters.JUnitReportReporter -->
<testsuite hostname="Taha" failures="0" tests="1" name="addModuleToWishListTests" time="14.180" errors="0" timestamp="2023-11-14T10:44:34 EET" skipped="0">
  <testcase classname="addModuleToWishListTests" name="addModuleToWishListAsUser" time="14.180"/>
</testsuite> <!-- addModuleToWishListTests -->
