<?xml version="1.0" encoding="UTF-8"?>
<!-- Generated by org.testng.reporters.JUnitReportReporter -->
<testsuite hostname="Taha" failures="0" tests="1" name="checkoutTests" time="7.861" errors="0" timestamp="2023-11-21T09:23:29 EET" skipped="0">
  <testcase classname="checkoutTests" name="openCheckoutPageAsUser" time="7.861"/>
</testsuite> <!-- checkoutTests -->
